-------------------------------------------------------------------------------
Test set: com.sheridan.AppTest
-------------------------------------------------------------------------------
Tests run: 6, Failures: 1, Errors: 0, Skipped: 0, Time elapsed: 0.048 s <<< FAILURE! - in com.sheridan.AppTest
testDeletingBookInCollection(com.sheridan.AppTest)  Time elapsed: 0.01 s  <<< FAILURE!
java.lang.AssertionError
	at com.sheridan.AppTest.testDeletingBookInCollection(AppTest.java:57)

