<?xml version="1.0" encoding="UTF-8"?>
<testsuite xmlns:xsi="http://www.w3.org/2001/XMLSchema-instance" xsi:noNamespaceSchemaLocation="https://maven.apache.org/surefire/maven-surefire-plugin/xsd/surefire-test-report.xsd" name="com.sheridan.AppTest" time="0.048" tests="6" errors="0" skipped="0" failures="1">
  <properties>
[...]
</properties>
  <testcase name="testDeletingBookInCollection" classname="com.sheridan.AppTest" time="0.01">
    <failure type="java.lang.AssertionError">java.lang.AssertionError
	at com.sheridan.AppTest.testDeletingBookInCollection(AppTest.java:57)
</failure>
  </testcase>
  <testcase name="shouldAnswerWithTrue" classname="com.sheridan.AppTest" time="0"/>
  <testcase name="testUpdatingBookInCollection" classname="com.sheridan.AppTest" time="0"/>
  <testcase name="testRetrievingBook" classname="com.sheridan.AppTest" time="0"/>
  <testcase name="testRetrievingBookx" classname="com.sheridan.AppTest" time="0.001"/>
  <testcase name="testAddingNewBook" classname="com.sheridan.AppTest" time="0"/>
</testsuite>